<?xml version="1.0" encoding="UTF-8"?>
<!-- Generated by org.testng.reporters.JUnitReportReporter -->
<testsuite skipped="0" hostname="DESKTOP-BMJUK19" name="extentReport.ExtentReport" tests="2" failures="0" timestamp="11 Apr 2019 21:07:44 GMT" time="0.023" errors="0">
  <testcase name="test1" time="0.010" classname="extentReport.ExtentReport"/>
  <testcase name="test2" time="0.013" classname="extentReport.ExtentReport"/>
</testsuite> <!-- extentReport.ExtentReport -->
