<?xml version="1.0" encoding="UTF-8"?>
<!-- Generated by org.testng.reporters.JUnitReportReporter -->
<testsuite skipped="0" hostname="DESKTOP-BMJUK19" name="testNG.BasicAnnotationsTestNG" tests="2" failures="0" timestamp="11 Apr 2019 21:43:35 GMT" time="0.015" errors="0">
  <testcase name="test4" time="0.008" classname="testNG.BasicAnnotationsTestNG"/>
  <testcase name="test5" time="0.007" classname="testNG.BasicAnnotationsTestNG"/>
</testsuite> <!-- testNG.BasicAnnotationsTestNG -->
